<?xml version="1.0" encoding="UTF-8"?>
<testng-results ignored="0" total="1" passed="1" failed="0" skipped="0">
  <reporter-output>
  </reporter-output>
  <suite started-at="2023-04-04T10:24:25 IST" name="Default suite" finished-at="2023-04-04T10:24:35 IST" duration-ms="9902">
    <groups>
    </groups>
    <test started-at="2023-04-04T10:24:25 IST" name="Default test" finished-at="2023-04-04T10:24:35 IST" duration-ms="9902">
      <class name="com.w3schools.tests.SignUpTest">
        <test-method signature="signUpW3Schools()[pri:0, instance:com.w3schools.tests.SignUpTest@3d51f06e]" started-at="2023-04-04T10:24:25 IST" name="signUpW3Schools" finished-at="2023-04-04T10:24:35 IST" duration-ms="9848" status="PASS">
          <reporter-output>
          </reporter-output>
        </test-method> <!-- signUpW3Schools -->
      </class> <!-- com.w3schools.tests.SignUpTest -->
    </test> <!-- Default test -->
  </suite> <!-- Default suite -->
</testng-results>
